[debug] [2018-02-09T21:08:44.150Z] ----------------------------------------------------------------------
[debug] [2018-02-09T21:08:44.153Z] Command:       /usr/local/bin/node /usr/local/bin/firebase init
[debug] [2018-02-09T21:08:44.153Z] CLI Version:   3.10.0
[debug] [2018-02-09T21:08:44.153Z] Platform:      darwin
[debug] [2018-02-09T21:08:44.153Z] Node Version:  v8.9.3
[debug] [2018-02-09T21:08:44.154Z] Time:          Fri Feb 09 2018 14:08:44 GMT-0700 (MST)
[debug] [2018-02-09T21:08:44.154Z] ----------------------------------------------------------------------
[debug] 
[debug] [2018-02-09T21:08:44.168Z] > command requires scopes: ["email","openid","https://www.googleapis.com/auth/cloudplatformprojects.readonly","https://www.googleapis.com/auth/firebase"]
[debug] [2018-02-09T21:08:44.168Z] > authorizing via signed-in user
[info] 
     🔥🔥🔥🔥🔥🔥🔥🔥 🔥🔥🔥🔥 🔥🔥🔥🔥🔥🔥🔥🔥  🔥🔥🔥🔥🔥🔥🔥🔥 🔥🔥🔥🔥🔥🔥🔥🔥     🔥🔥🔥     🔥🔥🔥🔥🔥🔥  🔥🔥🔥🔥🔥🔥🔥🔥
     🔥🔥        🔥🔥  🔥🔥     🔥🔥 🔥🔥       🔥🔥     🔥🔥  🔥🔥   🔥🔥  🔥🔥       🔥🔥
     🔥🔥🔥🔥🔥🔥    🔥🔥  🔥🔥🔥🔥🔥🔥🔥🔥  🔥🔥🔥🔥🔥🔥   🔥🔥🔥🔥🔥🔥🔥🔥  🔥🔥🔥🔥🔥🔥🔥🔥🔥  🔥🔥🔥🔥🔥🔥  🔥🔥🔥🔥🔥🔥
     🔥🔥        🔥🔥  🔥🔥    🔥🔥  🔥🔥       🔥🔥     🔥🔥 🔥🔥     🔥🔥       🔥🔥 🔥🔥
     🔥🔥       🔥🔥🔥🔥 🔥🔥     🔥🔥 🔥🔥🔥🔥🔥🔥🔥🔥 🔥🔥🔥🔥🔥🔥🔥🔥  🔥🔥     🔥🔥  🔥🔥🔥🔥🔥🔥  🔥🔥🔥🔥🔥🔥🔥🔥

You're about to initialize a Firebase project in this directory:

  /Users/dfwas/Documents/andfwas.com

[info] 
=== Project Setup
[info] 
[info] First, let's associate this project directory with a Firebase project.
[info] You can create multiple project aliases by running firebase use --add, 
[info] but for now we'll just set up a default project.
[info] 
[debug] [2018-02-09T21:08:48.216Z] > refreshing access token with scopes: ["email","https://www.googleapis.com/auth/cloudplatformprojects.readonly","https://www.googleapis.com/auth/firebase","openid"]
[debug] [2018-02-09T21:08:48.216Z] >>> HTTP REQUEST POST https://www.googleapis.com/oauth2/v3/token { refresh_token: '1/S4bXMdRgsrWsbEx7_msBaQE3pg_kseKEvBU69x9Cpec',
  client_id: '563584335869-fgrhgmd47bqnekij5i8b5pr03ho849e6.apps.googleusercontent.com',
  client_secret: 'j9iVZfS8kkCEFUPaAeJV0sAi',
  grant_type: 'refresh_token',
  scope: 'email https://www.googleapis.com/auth/cloudplatformprojects.readonly https://www.googleapis.com/auth/firebase openid' } 
 Fri Feb 09 2018 14:08:48 GMT-0700 (MST)
[debug] [2018-02-09T21:08:48.471Z] <<< HTTP RESPONSE 200
[debug] [2018-02-09T21:08:48.487Z] >>> HTTP REQUEST GET https://admin.firebase.com/v1/projects  
 Fri Feb 09 2018 14:08:48 GMT-0700 (MST)
[debug] [2018-02-09T21:08:49.242Z] <<< HTTP RESPONSE 200
[info] 
=== Hosting Setup
[info] 
[info] Your public directory is the folder (relative to your project directory) that
[info] will contain Hosting assets to be uploaded with firebase deploy. If you
[info] have a build process for your assets, use your build's output directory.
[info] 
[debug] [2018-02-09T21:10:10.597Z] >>> HTTP REQUEST GET https://www.gstatic.com/firebasejs/releases.json  
 Fri Feb 09 2018 14:10:10 GMT-0700 (MST)
[debug] [2018-02-09T21:10:10.816Z] <<< HTTP RESPONSE 200
[info] i  Skipping write of public/index.html
[info] 
[info] i  Writing configuration info to firebase.json...
[info] i  Writing project information to .firebaserc...
[info] 
[info] ✔  Firebase initialization complete!
